2024.06.18 11:09:05 INFO  Started: Metals version 1.3.1 in folders '/mnt/a66ad743-1601-4348-99ee-1e8f5b440f29/UCSC/SCS 2204 - Functional Programming/Practicals/22001239_Practical 1/Question 3' for client Visual Studio Code 1.90.1.[0m
SLF4J(W): Class path contains multiple SLF4J providers.
SLF4J(W): Found provider [scribe.slf4j.ScribeServiceProvider@287d6889]
SLF4J(W): Found provider [ch.qos.logback.classic.spi.LogbackServiceProvider@47076716]
SLF4J(W): See https://www.slf4j.org/codes.html#multiple_bindings for an explanation.
SLF4J(I): Actual provider is of type [scribe.slf4j.ScribeServiceProvider@287d6889]
2024.06.18 11:09:07 WARN  Flyway upgrade recommended: H2 2.2.224 is newer than this version of Flyway and support has not been tested. The latest supported version of H2 is 2.2.220.[0m
2024.06.18 11:09:08 INFO  no build target found for /mnt/a66ad743-1601-4348-99ee-1e8f5b440f29/UCSC/SCS 2204 - Functional Programming/Practicals/22001239_Practical 1/Question 3/SphereVolumeCalculator.scala. Using presentation compiler with project's scala-library version: 3.3.3[0m
2024.06.18 11:09:10 INFO  Running List(/home/kasun_mendis/.local/share/coursier/bin/scala-cli, setup-ide, /mnt/a66ad743-1601-4348-99ee-1e8f5b440f29/UCSC/SCS 2204 - Functional Programming/Practicals/22001239_Practical 1/Question 3)[0m
2024.06.18 11:09:10 INFO  Attempting to connect to the build server...[0m
2024.06.18 11:09:10 INFO  Running BSP server List(/home/kasun_mendis/.local/share/coursier/bin/.scala-cli.aux, bsp, --json-options, /mnt/a66ad743-1601-4348-99ee-1e8f5b440f29/UCSC/SCS 2204 - Functional Programming/Practicals/22001239_Practical 1/Question 3/.scala-build/ide-options-v2.json, --json-launcher-options, /mnt/a66ad743-1601-4348-99ee-1e8f5b440f29/UCSC/SCS 2204 - Functional Programming/Practicals/22001239_Practical 1/Question 3/.scala-build/ide-launcher-options.json, --envs-file, /mnt/a66ad743-1601-4348-99ee-1e8f5b440f29/UCSC/SCS 2204 - Functional Programming/Practicals/22001239_Practical 1/Question 3/.scala-build/ide-envs.json, /mnt/a66ad743-1601-4348-99ee-1e8f5b440f29/UCSC/SCS 2204 - Functional Programming/Practicals/22001239_Practical 1/Question 3)[0m
2024.06.18 11:09:10 INFO  tracing is disabled for protocol BSP, to enable tracing of incoming and outgoing JSON messages create an empty file at /mnt/a66ad743-1601-4348-99ee-1e8f5b440f29/UCSC/SCS 2204 - Functional Programming/Practicals/22001239_Practical 1/Question 3/.metals/bsp.trace.json or /home/kasun_mendis/.cache/metals/bsp.trace.json[0m
2024.06.18 11:09:12 INFO  time: Connected to build server in 2.35s[0m
2024.06.18 11:09:12 INFO  Connected to Build server: scala-cli v1.3.2[0m
2024.06.18 11:09:13 INFO  time: Imported build in 0.61s[0m
2024.06.18 11:09:13 INFO  compiling question 3_f4dd477a3a (1 scala source)[0m
2024.06.18 11:09:20 INFO  no build target found for /mnt/a66ad743-1601-4348-99ee-1e8f5b440f29/UCSC/SCS 2204 - Functional Programming/Practicals/22001239_Practical 1/Question 3/SphereVolumeCalculator.scala. Using presentation compiler with project's scala-library version: 3.3.3[0m
2024.06.18 11:09:21 INFO  time: indexed workspace in 7.5s[0m
2024.06.18 11:09:21 WARN  no build target for: /mnt/a66ad743-1601-4348-99ee-1e8f5b440f29/UCSC/SCS 2204 - Functional Programming/Practicals/22001239_Practical 1/Question 3/SphereVolumeCalculator.scala[0m
2024.06.18 11:09:21 INFO  no build target found for /mnt/a66ad743-1601-4348-99ee-1e8f5b440f29/UCSC/SCS 2204 - Functional Programming/Practicals/22001239_Practical 1/Question 3/SphereVolumeCalculator.scala. Using presentation compiler with project's scala-library version: 3.3.3[0m
2024.06.18 11:09:21 INFO  no build target found for /mnt/a66ad743-1601-4348-99ee-1e8f5b440f29/UCSC/SCS 2204 - Functional Programming/Practicals/22001239_Practical 1/Question 3/SphereVolumeCalculator.scala. Using presentation compiler with project's scala-library version: 3.3.3[0m
2024.06.18 11:09:22 INFO  time: code lens generation in 1.45s[0m
2024.06.18 11:09:22 INFO  time: code lens generation in 1.64s[0m
2024.06.18 11:09:22 INFO  time: code lens generation in 1.64s[0m
2024.06.18 11:09:50 INFO  Shutting down server[0m
2024.06.18 11:09:50 INFO  shutting down Metals[0m
2024.06.18 11:09:50 INFO  Shut down connection with build server.[0m
2024.06.18 11:09:50 INFO  Exiting server[0m
