2024.06.18 11:06:36 INFO  Started: Metals version 1.3.1 in folders '/mnt/a66ad743-1601-4348-99ee-1e8f5b440f29/UCSC/SCS 2204 - Functional Programming/Practicals/22001239_Practical 1/Question 2' for client Visual Studio Code 1.90.1.[0m
SLF4J(W): Class path contains multiple SLF4J providers.
SLF4J(W): Found provider [scribe.slf4j.ScribeServiceProvider@7cb73c5f]
SLF4J(W): Found provider [ch.qos.logback.classic.spi.LogbackServiceProvider@420cd215]
SLF4J(W): See https://www.slf4j.org/codes.html#multiple_bindings for an explanation.
SLF4J(I): Actual provider is of type [scribe.slf4j.ScribeServiceProvider@7cb73c5f]
2024.06.18 11:06:38 WARN  Flyway upgrade recommended: H2 2.2.224 is newer than this version of Flyway and support has not been tested. The latest supported version of H2 is 2.2.220.[0m
2024.06.18 11:06:40 INFO  no build target found for /mnt/a66ad743-1601-4348-99ee-1e8f5b440f29/UCSC/SCS 2204 - Functional Programming/Practicals/22001239_Practical 1/Question 2/Question2.scala. Using presentation compiler with project's scala-library version: 3.3.3[0m
2024.06.18 11:06:42 INFO  Running List(/home/kasun_mendis/.local/share/coursier/bin/scala-cli, setup-ide, /mnt/a66ad743-1601-4348-99ee-1e8f5b440f29/UCSC/SCS 2204 - Functional Programming/Practicals/22001239_Practical 1/Question 2)[0m
2024.06.18 11:06:42 INFO  Attempting to connect to the build server...[0m
2024.06.18 11:06:42 INFO  Running BSP server List(/home/kasun_mendis/.local/share/coursier/bin/.scala-cli.aux, bsp, --json-options, /mnt/a66ad743-1601-4348-99ee-1e8f5b440f29/UCSC/SCS 2204 - Functional Programming/Practicals/22001239_Practical 1/Question 2/.scala-build/ide-options-v2.json, --json-launcher-options, /mnt/a66ad743-1601-4348-99ee-1e8f5b440f29/UCSC/SCS 2204 - Functional Programming/Practicals/22001239_Practical 1/Question 2/.scala-build/ide-launcher-options.json, --envs-file, /mnt/a66ad743-1601-4348-99ee-1e8f5b440f29/UCSC/SCS 2204 - Functional Programming/Practicals/22001239_Practical 1/Question 2/.scala-build/ide-envs.json, /mnt/a66ad743-1601-4348-99ee-1e8f5b440f29/UCSC/SCS 2204 - Functional Programming/Practicals/22001239_Practical 1/Question 2)[0m
2024.06.18 11:06:42 INFO  tracing is disabled for protocol BSP, to enable tracing of incoming and outgoing JSON messages create an empty file at /mnt/a66ad743-1601-4348-99ee-1e8f5b440f29/UCSC/SCS 2204 - Functional Programming/Practicals/22001239_Practical 1/Question 2/.metals/bsp.trace.json or /home/kasun_mendis/.cache/metals/bsp.trace.json[0m
2024.06.18 11:06:44 INFO  time: Connected to build server in 2.42s[0m
2024.06.18 11:06:44 INFO  Connected to Build server: scala-cli v1.3.2[0m
2024.06.18 11:06:45 INFO  no build target found for /mnt/a66ad743-1601-4348-99ee-1e8f5b440f29/UCSC/SCS 2204 - Functional Programming/Practicals/22001239_Practical 1/Question 2/Question2.scala. Using presentation compiler with project's scala-library version: 3.3.3[0m
2024.06.18 11:06:45 INFO  time: Imported build in 0.41s[0m
2024.06.18 11:06:46 INFO  compiling question 2_f4dd477a3a (1 scala source)[0m
2024.06.18 11:06:53 INFO  time: indexed workspace in 8.06s[0m
2024.06.18 11:06:53 INFO  no build target found for /mnt/a66ad743-1601-4348-99ee-1e8f5b440f29/UCSC/SCS 2204 - Functional Programming/Practicals/22001239_Practical 1/Question 2/Question2.scala. Using presentation compiler with project's scala-library version: 3.3.3[0m
2024.06.18 11:07:18 INFO  no build target found for /mnt/a66ad743-1601-4348-99ee-1e8f5b440f29/UCSC/SCS 2204 - Functional Programming/Practicals/22001239_Practical 1/Question 2/Question2.scala. Using presentation compiler with project's scala-library version: 3.3.3[0m
2024.06.18 11:07:20 INFO  no build target found for /mnt/a66ad743-1601-4348-99ee-1e8f5b440f29/UCSC/SCS 2204 - Functional Programming/Practicals/22001239_Practical 1/Question 2/Question2.scala. Using presentation compiler with project's scala-library version: 3.3.3[0m
2024.06.18 11:07:35 INFO  no build target found for /mnt/a66ad743-1601-4348-99ee-1e8f5b440f29/UCSC/SCS 2204 - Functional Programming/Practicals/22001239_Practical 1/Question 2/Question2.scala. Using presentation compiler with project's scala-library version: 3.3.3[0m
2024.06.18 11:07:36 INFO  no build target found for /mnt/a66ad743-1601-4348-99ee-1e8f5b440f29/UCSC/SCS 2204 - Functional Programming/Practicals/22001239_Practical 1/Question 2/Question2.scala. Using presentation compiler with project's scala-library version: 3.3.3[0m
2024.06.18 11:07:36 INFO  no build target found for /mnt/a66ad743-1601-4348-99ee-1e8f5b440f29/UCSC/SCS 2204 - Functional Programming/Practicals/22001239_Practical 1/Question 2/Question2.scala. Using presentation compiler with project's scala-library version: 3.3.3[0m
2024.06.18 11:07:38 INFO  no build target found for /mnt/a66ad743-1601-4348-99ee-1e8f5b440f29/UCSC/SCS 2204 - Functional Programming/Practicals/22001239_Practical 1/Question 2/Question2.scala. Using presentation compiler with project's scala-library version: 3.3.3[0m
2024.06.18 11:07:38 INFO  no build target found for /mnt/a66ad743-1601-4348-99ee-1e8f5b440f29/UCSC/SCS 2204 - Functional Programming/Practicals/22001239_Practical 1/Question 2/Question2.scala. Using presentation compiler with project's scala-library version: 3.3.3[0m
2024.06.18 11:07:38 INFO  no build target found for /mnt/a66ad743-1601-4348-99ee-1e8f5b440f29/UCSC/SCS 2204 - Functional Programming/Practicals/22001239_Practical 1/Question 2/Question2.scala. Using presentation compiler with project's scala-library version: 3.3.3[0m
2024.06.18 11:07:46 INFO  no build target found for /mnt/a66ad743-1601-4348-99ee-1e8f5b440f29/UCSC/SCS 2204 - Functional Programming/Practicals/22001239_Practical 1/Question 2/Question2.scala. Using presentation compiler with project's scala-library version: 3.3.3[0m
2024.06.18 11:07:46 INFO  no build target found for /mnt/a66ad743-1601-4348-99ee-1e8f5b440f29/UCSC/SCS 2204 - Functional Programming/Practicals/22001239_Practical 1/Question 2/TemperatureConverter.scala. Using presentation compiler with project's scala-library version: 3.3.3[0m
2024.06.18 11:07:46 INFO  no build target found for /mnt/a66ad743-1601-4348-99ee-1e8f5b440f29/UCSC/SCS 2204 - Functional Programming/Practicals/22001239_Practical 1/Question 2/TemperatureConverter.scala. Using presentation compiler with project's scala-library version: 3.3.3[0m
2024.06.18 11:07:47 INFO  compiling question 2_f4dd477a3a (1 scala source)[0m
2024.06.18 11:07:51 INFO  time: indexed workspace in 3.96s[0m
2024.06.18 11:07:51 WARN  no build target for: /mnt/a66ad743-1601-4348-99ee-1e8f5b440f29/UCSC/SCS 2204 - Functional Programming/Practicals/22001239_Practical 1/Question 2/TemperatureConverter.scala[0m
2024.06.18 11:07:51 INFO  no build target found for /mnt/a66ad743-1601-4348-99ee-1e8f5b440f29/UCSC/SCS 2204 - Functional Programming/Practicals/22001239_Practical 1/Question 2/TemperatureConverter.scala. Using presentation compiler with project's scala-library version: 3.3.3[0m
2024.06.18 11:07:51 INFO  no build target found for /mnt/a66ad743-1601-4348-99ee-1e8f5b440f29/UCSC/SCS 2204 - Functional Programming/Practicals/22001239_Practical 1/Question 2/TemperatureConverter.scala. Using presentation compiler with project's scala-library version: 3.3.3[0m
2024.06.18 11:08:30 INFO  Shutting down server[0m
2024.06.18 11:08:30 INFO  shutting down Metals[0m
2024.06.18 11:08:30 INFO  Shut down connection with build server.[0m
2024.06.18 11:08:30 INFO  BSP server: Jun 18, 2024 11:08:30 AM org.eclipse.lsp4j.jsonrpc.RemoteEndpoint handleNotification[0m
2024.06.18 11:08:30 INFO  BSP server: WARNING: Notification threw an exception: {[0m
2024.06.18 11:08:30 INFO  BSP server:   "jsonrpc": "2.0",[0m
2024.06.18 11:08:30 INFO  BSP server:   "method": "build/exit",[0m
2024.06.18 11:08:30 INFO  BSP server:   "params": null[0m
2024.06.18 11:08:30 INFO  BSP server: }[0m
2024.06.18 11:08:30 INFO  BSP server: java.lang.RuntimeException: java.lang.reflect.InvocationTargetException[0m
2024.06.18 11:08:30 INFO  Exiting server[0m
